0 info it worked if it ends with ok
1 verbose cli [
1 verbose cli   'D:\\Node.js\\node.exe',
1 verbose cli   'C:\\Users\\nhs80528\\AppData\\Roaming\\npm\\node_modules\\npm\\bin\\npm-cli.js',
1 verbose cli   'run',
1 verbose cli   'dev'
1 verbose cli ]
2 info using npm@3.10.10
3 info using node@v12.16.1
4 verbose stack Error: ENOENT: no such file or directory, open 'D:\VueAppEats\package.json'
5 verbose cwd D:\VueAppEats
6 error Windows_NT 10.0.18362
7 error argv "D:\\Node.js\\node.exe" "C:\\Users\\nhs80528\\AppData\\Roaming\\npm\\node_modules\\npm\\bin\\npm-cli.js" "run" "dev"
8 error node v12.16.1
9 error npm  v3.10.10
10 error path D:\VueAppEats\package.json
11 error code ENOENT
12 error errno -4058
13 error syscall open
14 error enoent ENOENT: no such file or directory, open 'D:\VueAppEats\package.json'
15 error enoent ENOENT: no such file or directory, open 'D:\VueAppEats\package.json'
15 error enoent This is most likely not a problem with npm itself
15 error enoent and is related to npm not being able to find a file.
16 verbose exit [ -4058, true ]
